1512264234660	geckodriver	INFO	geckodriver 0.19.1
1512264234664	geckodriver	INFO	Listening on 127.0.0.1:51692
1512264235805	mozrunner::runner	INFO	Running command: "/Applications/Firefox.app/Contents/MacOS/firefox-bin" "-marionette" "-profile" "/var/folders/1b/h52cyrl51tqg8dryz6pnq_zh0000gn/T/rust_mozprofile.ZKQ94Rco5pXC"
1512264236360	Marionette	INFO	Enabled via --marionette
2017-12-02 17:23:57.248 plugin-container[56620:11506627] *** CFMessagePort: bootstrap_register(): failed 1100 (0x44c) 'Permission denied', port = 0xa237, name = 'com.apple.tsm.portname'
See /usr/include/servers/bootstrap_defs.h for the error codes.
1512264237800	Marionette	INFO	Listening on port 51705
1512264237845	Marionette	WARN	TLS certificate errors will be ignored for this session
1512264237901	Marionette	DEBUG	Register listener.js for window 2147483649
1512264237929	Marionette	DEBUG	Received DOM event "beforeunload" for "about:blank"
1512264238270	Marionette	DEBUG	Received DOM event "pagehide" for "about:blank"
1512264238271	Marionette	DEBUG	Received DOM event "unload" for "about:blank"
1512264238608	Marionette	DEBUG	Received DOM event "DOMContentLoaded" for "https://www.semanticscholar.org/search?q=%22Angela%20Lee%20Duckworth%22&sort=relevance"
1512264241051	Marionette	DEBUG	Received DOM event "pageshow" for "https://www.semanticscholar.org/search?q=%22Angela%20Lee%20Duckworth%22&sort=relevance"
1512264241161	Marionette	DEBUG	Received DOM event "beforeunload" for "https://www.semanticscholar.org/search?q=%22Angela%20Lee%20Duckworth%22&sort=relevance"
1512264241256	Marionette	DEBUG	Received DOM event "pagehide" for "https://www.semanticscholar.org/search?q=%22Angela%20Lee%20Duckworth%22&sort=relevance"
1512264241256	Marionette	DEBUG	Received DOM event "unload" for "https://www.semanticscholar.org/search?q=%22Angela%20Lee%20Duckworth%22&sort=relevance"
1512264241332	Marionette	DEBUG	Received DOM event "DOMContentLoaded" for "https://www.semanticscholar.org/search?q=%22Barbara%20L.%20Fredrickson%22&sort=relevance"
1512264241798	Marionette	DEBUG	Received DOM event "pageshow" for "https://www.semanticscholar.org/search?q=%22Barbara%20L.%20Fredrickson%22&sort=relevance"
1512264242178	Marionette	DEBUG	Received DOM event "beforeunload" for "https://www.semanticscholar.org/search?q=%22Barbara%20L.%20Fredrickson%22&sort=relevance"
1512264242280	Marionette	DEBUG	Received DOM event "pagehide" for "https://www.semanticscholar.org/search?q=%22Barbara%20L.%20Fredrickson%22&sort=relevance"
1512264242280	Marionette	DEBUG	Received DOM event "unload" for "https://www.semanticscholar.org/search?q=%22Barbara%20L.%20Fredrickson%22&sort=relevance"
1512264242349	Marionette	DEBUG	Received DOM event "DOMContentLoaded" for "https://www.semanticscholar.org/search?q=%22Carol%20S.%20Dweck%22&sort=relevance"
1512264242775	Marionette	DEBUG	Received DOM event "pageshow" for "https://www.semanticscholar.org/search?q=%22Carol%20S.%20Dweck%22&sort=relevance"
1512264242819	Marionette	DEBUG	Received DOM event "beforeunload" for "https://www.semanticscholar.org/search?q=%22Carol%20S.%20Dweck%22&sort=relevance"
1512264242940	Marionette	DEBUG	Received DOM event "pagehide" for "https://www.semanticscholar.org/search?q=%22Carol%20S.%20Dweck%22&sort=relevance"
1512264242940	Marionette	DEBUG	Received DOM event "unload" for "https://www.semanticscholar.org/search?q=%22Carol%20S.%20Dweck%22&sort=relevance"
1512264243016	Marionette	DEBUG	Received DOM event "DOMContentLoaded" for "https://www.semanticscholar.org/search?q=%22Corey%20Lee%20M.%20Keyes%22&sort=relevance"
1512264244039	Marionette	DEBUG	Received DOM event "pageshow" for "https://www.semanticscholar.org/search?q=%22Corey%20Lee%20M.%20Keyes%22&sort=relevance"
1512264244143	Marionette	DEBUG	Received DOM event "beforeunload" for "https://www.semanticscholar.org/search?q=%22Corey%20Lee%20M.%20Keyes%22&sort=relevance"
1512264244235	Marionette	DEBUG	Received DOM event "pagehide" for "https://www.semanticscholar.org/search?q=%22Corey%20Lee%20M.%20Keyes%22&sort=relevance"
1512264244235	Marionette	DEBUG	Received DOM event "unload" for "https://www.semanticscholar.org/search?q=%22Corey%20Lee%20M.%20Keyes%22&sort=relevance"
1512264244322	Marionette	DEBUG	Received DOM event "DOMContentLoaded" for "https://www.semanticscholar.org/search?q=%22Dacher%20J%20Keltner%22&sort=relevance"
1512264245396	Marionette	DEBUG	Received DOM event "pageshow" for "https://www.semanticscholar.org/search?q=%22Dacher%20J%20Keltner%22&sort=relevance"
1512264245571	Marionette	DEBUG	Received DOM event "beforeunload" for "https://www.semanticscholar.org/search?q=%22Dacher%20J%20Keltner%22&sort=relevance"
1512264245700	Marionette	DEBUG	Received DOM event "pagehide" for "https://www.semanticscholar.org/search?q=%22Dacher%20J%20Keltner%22&sort=relevance"
1512264245701	Marionette	DEBUG	Received DOM event "unload" for "https://www.semanticscholar.org/search?q=%22Dacher%20J%20Keltner%22&sort=relevance"
1512264245801	Marionette	DEBUG	Received DOM event "DOMContentLoaded" for "https://www.semanticscholar.org/search?q=%22Daniel%20J%20Siegel%22&sort=relevance"
1512264246363	Marionette	DEBUG	Received DOM event "pageshow" for "https://www.semanticscholar.org/search?q=%22Daniel%20J%20Siegel%22&sort=relevance"
1512264246428	Marionette	DEBUG	Received DOM event "beforeunload" for "https://www.semanticscholar.org/search?q=%22Daniel%20J%20Siegel%22&sort=relevance"
1512264246532	Marionette	DEBUG	Received DOM event "pagehide" for "https://www.semanticscholar.org/search?q=%22Daniel%20J%20Siegel%22&sort=relevance"
1512264246533	Marionette	DEBUG	Received DOM event "unload" for "https://www.semanticscholar.org/search?q=%22Daniel%20J%20Siegel%22&sort=relevance"
1512264246617	Marionette	DEBUG	Received DOM event "DOMContentLoaded" for "https://www.semanticscholar.org/search?q=%22Daniel%20T.%20Gilbert%22&sort=relevance"
1512264247124	Marionette	DEBUG	Received DOM event "pageshow" for "https://www.semanticscholar.org/search?q=%22Daniel%20T.%20Gilbert%22&sort=relevance"
1512264247481	Marionette	DEBUG	Received DOM event "beforeunload" for "https://www.semanticscholar.org/search?q=%22Daniel%20T.%20Gilbert%22&sort=relevance"
1512264247568	Marionette	DEBUG	Received DOM event "pagehide" for "https://www.semanticscholar.org/search?q=%22Daniel%20T.%20Gilbert%22&sort=relevance"
1512264247569	Marionette	DEBUG	Received DOM event "unload" for "https://www.semanticscholar.org/search?q=%22Daniel%20T.%20Gilbert%22&sort=relevance"
1512264247683	Marionette	DEBUG	Received DOM event "DOMContentLoaded" for "https://www.semanticscholar.org/search?q=%22Emma%20M%20Seppala%22&sort=relevance"
1512264248779	Marionette	DEBUG	Received DOM event "pageshow" for "https://www.semanticscholar.org/search?q=%22Emma%20M%20Seppala%22&sort=relevance"
1512264248883	Marionette	DEBUG	Received DOM event "beforeunload" for "https://www.semanticscholar.org/search?q=%22Emma%20M%20Seppala%22&sort=relevance"
1512264249043	Marionette	DEBUG	Received DOM event "pagehide" for "https://www.semanticscholar.org/search?q=%22Emma%20M%20Seppala%22&sort=relevance"
1512264249044	Marionette	DEBUG	Received DOM event "unload" for "https://www.semanticscholar.org/search?q=%22Emma%20M%20Seppala%22&sort=relevance"
1512264249121	Marionette	DEBUG	Received DOM event "DOMContentLoaded" for "https://www.semanticscholar.org/search?q=%22Frederic%20Luskin%22&sort=relevance"
1512264249884	Marionette	DEBUG	Received DOM event "pageshow" for "https://www.semanticscholar.org/search?q=%22Frederic%20Luskin%22&sort=relevance"
1512264249974	Marionette	DEBUG	Received DOM event "beforeunload" for "https://www.semanticscholar.org/search?q=%22Frederic%20Luskin%22&sort=relevance"
1512264250129	Marionette	DEBUG	Received DOM event "pagehide" for "https://www.semanticscholar.org/search?q=%22Frederic%20Luskin%22&sort=relevance"
1512264250129	Marionette	DEBUG	Received DOM event "unload" for "https://www.semanticscholar.org/search?q=%22Frederic%20Luskin%22&sort=relevance"
1512264250215	Marionette	DEBUG	Received DOM event "DOMContentLoaded" for "https://www.semanticscholar.org/search?q=%22Jennifer%20L.%20Aaker%22&sort=relevance"
1512264251043	Marionette	DEBUG	Received DOM event "pageshow" for "https://www.semanticscholar.org/search?q=%22Jennifer%20L.%20Aaker%22&sort=relevance"
1512264251139	Marionette	DEBUG	Received DOM event "beforeunload" for "https://www.semanticscholar.org/search?q=%22Jennifer%20L.%20Aaker%22&sort=relevance"
1512264251296	Marionette	DEBUG	Received DOM event "pagehide" for "https://www.semanticscholar.org/search?q=%22Jennifer%20L.%20Aaker%22&sort=relevance"
1512264251297	Marionette	DEBUG	Received DOM event "unload" for "https://www.semanticscholar.org/search?q=%22Jennifer%20L.%20Aaker%22&sort=relevance"
1512264251377	Marionette	DEBUG	Received DOM event "DOMContentLoaded" for "https://www.semanticscholar.org/search?q=%22Jon%20Kabat-Zinn%22&sort=relevance"
1512264252233	Marionette	DEBUG	Received DOM event "pageshow" for "https://www.semanticscholar.org/search?q=%22Jon%20Kabat-Zinn%22&sort=relevance"
1512264252347	Marionette	DEBUG	Received DOM event "beforeunload" for "https://www.semanticscholar.org/search?q=%22Jon%20Kabat-Zinn%22&sort=relevance"
1512264252475	Marionette	DEBUG	Received DOM event "pagehide" for "https://www.semanticscholar.org/search?q=%22Jon%20Kabat-Zinn%22&sort=relevance"
1512264252475	Marionette	DEBUG	Received DOM event "unload" for "https://www.semanticscholar.org/search?q=%22Jon%20Kabat-Zinn%22&sort=relevance"
1512264252550	Marionette	DEBUG	Received DOM event "DOMContentLoaded" for "https://www.semanticscholar.org/search?q=%22Kelly%20M%20McGonigal%22&sort=relevance"
1512264253447	Marionette	DEBUG	Received DOM event "pageshow" for "https://www.semanticscholar.org/search?q=%22Kelly%20M%20McGonigal%22&sort=relevance"
1512264253542	Marionette	DEBUG	Received DOM event "beforeunload" for "https://www.semanticscholar.org/search?q=%22Kelly%20M%20McGonigal%22&sort=relevance"
1512264253644	Marionette	DEBUG	Received DOM event "pagehide" for "https://www.semanticscholar.org/search?q=%22Kelly%20M%20McGonigal%22&sort=relevance"
1512264253645	Marionette	DEBUG	Received DOM event "unload" for "https://www.semanticscholar.org/search?q=%22Kelly%20M%20McGonigal%22&sort=relevance"
1512264253714	Marionette	DEBUG	Received DOM event "DOMContentLoaded" for "https://www.semanticscholar.org/search?q=%22Kristin%20D.%20Neff%22&sort=relevance"
1512264254573	Marionette	DEBUG	Received DOM event "pageshow" for "https://www.semanticscholar.org/search?q=%22Kristin%20D.%20Neff%22&sort=relevance"
1512264254688	Marionette	DEBUG	Received DOM event "beforeunload" for "https://www.semanticscholar.org/search?q=%22Kristin%20D.%20Neff%22&sort=relevance"
1512264254776	Marionette	DEBUG	Received DOM event "pagehide" for "https://www.semanticscholar.org/search?q=%22Kristin%20D.%20Neff%22&sort=relevance"
1512264254776	Marionette	DEBUG	Received DOM event "unload" for "https://www.semanticscholar.org/search?q=%22Kristin%20D.%20Neff%22&sort=relevance"
1512264254835	Marionette	DEBUG	Received DOM event "DOMContentLoaded" for "https://www.semanticscholar.org/search?q=%22Martin%20E.%20P.%20Seligman%22&sort=relevance"
1512264255229	Marionette	DEBUG	Received DOM event "pageshow" for "https://www.semanticscholar.org/search?q=%22Martin%20E.%20P.%20Seligman%22&sort=relevance"
1512264255575	Marionette	DEBUG	Received DOM event "beforeunload" for "https://www.semanticscholar.org/search?q=%22Martin%20E.%20P.%20Seligman%22&sort=relevance"
1512264255696	Marionette	DEBUG	Received DOM event "pagehide" for "https://www.semanticscholar.org/search?q=%22Martin%20E.%20P.%20Seligman%22&sort=relevance"
1512264255696	Marionette	DEBUG	Received DOM event "unload" for "https://www.semanticscholar.org/search?q=%22Martin%20E.%20P.%20Seligman%22&sort=relevance"
1512264255828	Marionette	DEBUG	Received DOM event "DOMContentLoaded" for "https://www.semanticscholar.org/search?q=%22Mih%C3%A1ly%20Cs%C3%ADkszentmih%C3%A1lyi%22&sort=relevance"
1512264257325	Marionette	DEBUG	Received DOM event "pageshow" for "https://www.semanticscholar.org/search?q=%22Mih%C3%A1ly%20Cs%C3%ADkszentmih%C3%A1lyi%22&sort=relevance"
1512264257532	Marionette	DEBUG	Received DOM event "beforeunload" for "https://www.semanticscholar.org/search?q=%22Mih%C3%A1ly%20Cs%C3%ADkszentmih%C3%A1lyi%22&sort=relevance"
1512264257627	Marionette	DEBUG	Received DOM event "pagehide" for "https://www.semanticscholar.org/search?q=%22Mih%C3%A1ly%20Cs%C3%ADkszentmih%C3%A1lyi%22&sort=relevance"
1512264257627	Marionette	DEBUG	Received DOM event "unload" for "https://www.semanticscholar.org/search?q=%22Mih%C3%A1ly%20Cs%C3%ADkszentmih%C3%A1lyi%22&sort=relevance"
1512264257687	Marionette	DEBUG	Received DOM event "DOMContentLoaded" for "https://www.semanticscholar.org/search?q=%22Richard%20J.%20Davidson%22&sort=relevance"
1512264258649	Marionette	DEBUG	Received DOM event "pageshow" for "https://www.semanticscholar.org/search?q=%22Richard%20J.%20Davidson%22&sort=relevance"
1512264258768	Marionette	DEBUG	Received DOM event "beforeunload" for "https://www.semanticscholar.org/search?q=%22Richard%20J.%20Davidson%22&sort=relevance"
1512264258866	Marionette	DEBUG	Received DOM event "pagehide" for "https://www.semanticscholar.org/search?q=%22Richard%20J.%20Davidson%22&sort=relevance"
1512264258867	Marionette	DEBUG	Received DOM event "unload" for "https://www.semanticscholar.org/search?q=%22Richard%20J.%20Davidson%22&sort=relevance"
1512264258949	Marionette	DEBUG	Received DOM event "DOMContentLoaded" for "https://www.semanticscholar.org/search?q=%22Robert%20A.%20Emmons%22&sort=relevance"
1512264259813	Marionette	DEBUG	Received DOM event "pageshow" for "https://www.semanticscholar.org/search?q=%22Robert%20A.%20Emmons%22&sort=relevance"
1512264259923	Marionette	DEBUG	Received DOM event "beforeunload" for "https://www.semanticscholar.org/search?q=%22Robert%20A.%20Emmons%22&sort=relevance"
1512264260027	Marionette	DEBUG	Received DOM event "pagehide" for "https://www.semanticscholar.org/search?q=%22Robert%20A.%20Emmons%22&sort=relevance"
1512264260028	Marionette	DEBUG	Received DOM event "unload" for "https://www.semanticscholar.org/search?q=%22Robert%20A.%20Emmons%22&sort=relevance"
1512264260104	Marionette	DEBUG	Received DOM event "DOMContentLoaded" for "https://www.semanticscholar.org/search?q=%22Sonja%20Lyubomirsky%22&sort=relevance"
1512264261079	Marionette	DEBUG	Received DOM event "pageshow" for "https://www.semanticscholar.org/search?q=%22Sonja%20Lyubomirsky%22&sort=relevance"
1512264261196	Marionette	DEBUG	Received DOM event "beforeunload" for "https://www.semanticscholar.org/search?q=%22Sonja%20Lyubomirsky%22&sort=relevance"
1512264261380	Marionette	DEBUG	Received DOM event "pagehide" for "https://www.semanticscholar.org/search?q=%22Sonja%20Lyubomirsky%22&sort=relevance"
1512264261381	Marionette	DEBUG	Received DOM event "unload" for "https://www.semanticscholar.org/search?q=%22Sonja%20Lyubomirsky%22&sort=relevance"
1512264261459	Marionette	DEBUG	Received DOM event "DOMContentLoaded" for "https://www.semanticscholar.org/search?q=%22Zindel%20V.%20Segal%22&sort=relevance"
1512264262348	Marionette	DEBUG	Received DOM event "pageshow" for "https://www.semanticscholar.org/search?q=%22Zindel%20V.%20Segal%22&sort=relevance"
2017-12-02 17:33:10.050 firefox-bin[56619:11506548] IMKInputSession presentFunctionRowItemTextInputViewWithEndpoint:completionHandler: : [self textInputContext]=0x113105760 *NO* NSRemoteViewController to client, NSError=Error Domain=NSCocoaErrorDomain Code=4097 "connection from pid 0" UserInfo={NSDebugDescription=connection from pid 0}, com.apple.inputmethod.EmojiFunctionRowItem
1512265648660	geckodriver	INFO	geckodriver 0.19.1
1512265648665	geckodriver	INFO	Listening on 127.0.0.1:57829
1512265649771	mozrunner::runner	INFO	Running command: "/Applications/Firefox.app/Contents/MacOS/firefox-bin" "-marionette" "-profile" "/var/folders/1b/h52cyrl51tqg8dryz6pnq_zh0000gn/T/rust_mozprofile.FPHsIs4if6lZ"
1512265650340	Marionette	INFO	Enabled via --marionette
2017-12-02 17:47:31.315 plugin-container[58012:11520305] *** CFMessagePort: bootstrap_register(): failed 1100 (0x44c) 'Permission denied', port = 0xa437, name = 'com.apple.tsm.portname'
See /usr/include/servers/bootstrap_defs.h for the error codes.
1512265651731	Marionette	INFO	Listening on port 57842
1512265651756	Marionette	WARN	TLS certificate errors will be ignored for this session
1512265651818	Marionette	DEBUG	Register listener.js for window 2147483649
1512265651856	Marionette	DEBUG	Received DOM event "beforeunload" for "about:blank"
1512265652288	Marionette	DEBUG	Received DOM event "pagehide" for "about:blank"
1512265652289	Marionette	DEBUG	Received DOM event "unload" for "about:blank"
1512265652646	Marionette	DEBUG	Received DOM event "DOMContentLoaded" for "https://www.semanticscholar.org/search?q=%22Angela%20Lee%20Duckworth%22&sort=relevance"
1512265653170	Marionette	DEBUG	Received DOM event "pageshow" for "https://www.semanticscholar.org/search?q=%22Angela%20Lee%20Duckworth%22&sort=relevance"
1512265653221	Marionette	DEBUG	Received DOM event "beforeunload" for "https://www.semanticscholar.org/search?q=%22Angela%20Lee%20Duckworth%22&sort=relevance"
1512265653337	Marionette	DEBUG	Received DOM event "pagehide" for "https://www.semanticscholar.org/search?q=%22Angela%20Lee%20Duckworth%22&sort=relevance"
1512265653337	Marionette	DEBUG	Received DOM event "unload" for "https://www.semanticscholar.org/search?q=%22Angela%20Lee%20Duckworth%22&sort=relevance"
1512265653407	Marionette	DEBUG	Received DOM event "DOMContentLoaded" for "https://www.semanticscholar.org/search?q=%22Barbara%20L.%20Fredrickson%22&sort=relevance"
1512265654470	Marionette	DEBUG	Received DOM event "pageshow" for "https://www.semanticscholar.org/search?q=%22Barbara%20L.%20Fredrickson%22&sort=relevance"
1512265654565	Marionette	DEBUG	Received DOM event "beforeunload" for "https://www.semanticscholar.org/search?q=%22Barbara%20L.%20Fredrickson%22&sort=relevance"
1512265654666	Marionette	DEBUG	Received DOM event "pagehide" for "https://www.semanticscholar.org/search?q=%22Barbara%20L.%20Fredrickson%22&sort=relevance"
1512265654666	Marionette	DEBUG	Received DOM event "unload" for "https://www.semanticscholar.org/search?q=%22Barbara%20L.%20Fredrickson%22&sort=relevance"
1512265654721	Marionette	DEBUG	Received DOM event "DOMContentLoaded" for "https://www.semanticscholar.org/search?q=%22Carol%20S.%20Dweck%22&sort=relevance"
1512265655533	Marionette	DEBUG	Received DOM event "pageshow" for "https://www.semanticscholar.org/search?q=%22Carol%20S.%20Dweck%22&sort=relevance"
1512265655633	Marionette	DEBUG	Received DOM event "beforeunload" for "https://www.semanticscholar.org/search?q=%22Carol%20S.%20Dweck%22&sort=relevance"
1512265655737	Marionette	DEBUG	Received DOM event "pagehide" for "https://www.semanticscholar.org/search?q=%22Carol%20S.%20Dweck%22&sort=relevance"
1512265655737	Marionette	DEBUG	Received DOM event "unload" for "https://www.semanticscholar.org/search?q=%22Carol%20S.%20Dweck%22&sort=relevance"
1512265655802	Marionette	DEBUG	Received DOM event "DOMContentLoaded" for "https://www.semanticscholar.org/search?q=%22Corey%20Lee%20M.%20Keyes%22&sort=relevance"
1512265656563	Marionette	DEBUG	Received DOM event "pageshow" for "https://www.semanticscholar.org/search?q=%22Corey%20Lee%20M.%20Keyes%22&sort=relevance"
1512265656644	Marionette	DEBUG	Received DOM event "beforeunload" for "https://www.semanticscholar.org/search?q=%22Corey%20Lee%20M.%20Keyes%22&sort=relevance"
1512265656747	Marionette	DEBUG	Received DOM event "pagehide" for "https://www.semanticscholar.org/search?q=%22Corey%20Lee%20M.%20Keyes%22&sort=relevance"
1512265656747	Marionette	DEBUG	Received DOM event "unload" for "https://www.semanticscholar.org/search?q=%22Corey%20Lee%20M.%20Keyes%22&sort=relevance"
1512265656800	Marionette	DEBUG	Received DOM event "DOMContentLoaded" for "https://www.semanticscholar.org/search?q=%22Dacher%20J%20Keltner%22&sort=relevance"
1512265657483	Marionette	DEBUG	Received DOM event "pageshow" for "https://www.semanticscholar.org/search?q=%22Dacher%20J%20Keltner%22&sort=relevance"
1512265657559	Marionette	DEBUG	Received DOM event "beforeunload" for "https://www.semanticscholar.org/search?q=%22Dacher%20J%20Keltner%22&sort=relevance"
1512265657698	Marionette	DEBUG	Received DOM event "pagehide" for "https://www.semanticscholar.org/search?q=%22Dacher%20J%20Keltner%22&sort=relevance"
1512265657699	Marionette	DEBUG	Received DOM event "unload" for "https://www.semanticscholar.org/search?q=%22Dacher%20J%20Keltner%22&sort=relevance"
1512265657743	Marionette	DEBUG	Received DOM event "DOMContentLoaded" for "https://www.semanticscholar.org/search?q=%22Daniel%20J%20Siegel%22&sort=relevance"
1512265658504	Marionette	DEBUG	Received DOM event "pageshow" for "https://www.semanticscholar.org/search?q=%22Daniel%20J%20Siegel%22&sort=relevance"
1512265658646	Marionette	DEBUG	Received DOM event "beforeunload" for "https://www.semanticscholar.org/search?q=%22Daniel%20J%20Siegel%22&sort=relevance"
1512265658746	Marionette	DEBUG	Received DOM event "pagehide" for "https://www.semanticscholar.org/search?q=%22Daniel%20J%20Siegel%22&sort=relevance"
1512265658746	Marionette	DEBUG	Received DOM event "unload" for "https://www.semanticscholar.org/search?q=%22Daniel%20J%20Siegel%22&sort=relevance"
1512265658832	Marionette	DEBUG	Received DOM event "DOMContentLoaded" for "https://www.semanticscholar.org/search?q=%22Daniel%20T.%20Gilbert%22&sort=relevance"
1512265659977	Marionette	DEBUG	Received DOM event "pageshow" for "https://www.semanticscholar.org/search?q=%22Daniel%20T.%20Gilbert%22&sort=relevance"
1512265660197	Marionette	DEBUG	Received DOM event "beforeunload" for "https://www.semanticscholar.org/search?q=%22Daniel%20T.%20Gilbert%22&sort=relevance"
1512265660310	Marionette	DEBUG	Received DOM event "pagehide" for "https://www.semanticscholar.org/search?q=%22Daniel%20T.%20Gilbert%22&sort=relevance"
1512265660311	Marionette	DEBUG	Received DOM event "unload" for "https://www.semanticscholar.org/search?q=%22Daniel%20T.%20Gilbert%22&sort=relevance"
1512265660459	Marionette	DEBUG	Received DOM event "DOMContentLoaded" for "https://www.semanticscholar.org/search?q=%22Emma%20M%20Seppala%22&sort=relevance"
1512265661284	Marionette	DEBUG	Received DOM event "pageshow" for "https://www.semanticscholar.org/search?q=%22Emma%20M%20Seppala%22&sort=relevance"
1512265661378	Marionette	DEBUG	Received DOM event "beforeunload" for "https://www.semanticscholar.org/search?q=%22Emma%20M%20Seppala%22&sort=relevance"
1512265661464	Marionette	DEBUG	Received DOM event "pagehide" for "https://www.semanticscholar.org/search?q=%22Emma%20M%20Seppala%22&sort=relevance"
1512265661464	Marionette	DEBUG	Received DOM event "unload" for "https://www.semanticscholar.org/search?q=%22Emma%20M%20Seppala%22&sort=relevance"
1512265661523	Marionette	DEBUG	Received DOM event "DOMContentLoaded" for "https://www.semanticscholar.org/search?q=%22Frederic%20Luskin%22&sort=relevance"
1512265662156	Marionette	DEBUG	Received DOM event "pageshow" for "https://www.semanticscholar.org/search?q=%22Frederic%20Luskin%22&sort=relevance"
1512265662235	Marionette	DEBUG	Received DOM event "beforeunload" for "https://www.semanticscholar.org/search?q=%22Frederic%20Luskin%22&sort=relevance"
1512265662322	Marionette	DEBUG	Received DOM event "pagehide" for "https://www.semanticscholar.org/search?q=%22Frederic%20Luskin%22&sort=relevance"
1512265662322	Marionette	DEBUG	Received DOM event "unload" for "https://www.semanticscholar.org/search?q=%22Frederic%20Luskin%22&sort=relevance"
1512265662391	Marionette	DEBUG	Received DOM event "DOMContentLoaded" for "https://www.semanticscholar.org/search?q=%22Jennifer%20L.%20Aaker%22&sort=relevance"
1512265663282	Marionette	DEBUG	Received DOM event "pageshow" for "https://www.semanticscholar.org/search?q=%22Jennifer%20L.%20Aaker%22&sort=relevance"
1512265663422	Marionette	DEBUG	Received DOM event "beforeunload" for "https://www.semanticscholar.org/search?q=%22Jennifer%20L.%20Aaker%22&sort=relevance"
1512265663515	Marionette	DEBUG	Received DOM event "pagehide" for "https://www.semanticscholar.org/search?q=%22Jennifer%20L.%20Aaker%22&sort=relevance"
1512265663516	Marionette	DEBUG	Received DOM event "unload" for "https://www.semanticscholar.org/search?q=%22Jennifer%20L.%20Aaker%22&sort=relevance"
1512265663623	Marionette	DEBUG	Received DOM event "DOMContentLoaded" for "https://www.semanticscholar.org/search?q=%22Jon%20Kabat-Zinn%22&sort=relevance"
1512265664487	Marionette	DEBUG	Received DOM event "pageshow" for "https://www.semanticscholar.org/search?q=%22Jon%20Kabat-Zinn%22&sort=relevance"
1512265664608	Marionette	DEBUG	Received DOM event "beforeunload" for "https://www.semanticscholar.org/search?q=%22Jon%20Kabat-Zinn%22&sort=relevance"
1512265664720	Marionette	DEBUG	Received DOM event "pagehide" for "https://www.semanticscholar.org/search?q=%22Jon%20Kabat-Zinn%22&sort=relevance"
1512265664721	Marionette	DEBUG	Received DOM event "unload" for "https://www.semanticscholar.org/search?q=%22Jon%20Kabat-Zinn%22&sort=relevance"
1512265664787	Marionette	DEBUG	Received DOM event "DOMContentLoaded" for "https://www.semanticscholar.org/search?q=%22Kelly%20M%20McGonigal%22&sort=relevance"
1512265665408	Marionette	DEBUG	Received DOM event "pageshow" for "https://www.semanticscholar.org/search?q=%22Kelly%20M%20McGonigal%22&sort=relevance"
1512265665518	Marionette	DEBUG	Received DOM event "beforeunload" for "https://www.semanticscholar.org/search?q=%22Kelly%20M%20McGonigal%22&sort=relevance"
1512265665608	Marionette	DEBUG	Received DOM event "pagehide" for "https://www.semanticscholar.org/search?q=%22Kelly%20M%20McGonigal%22&sort=relevance"
1512265665608	Marionette	DEBUG	Received DOM event "unload" for "https://www.semanticscholar.org/search?q=%22Kelly%20M%20McGonigal%22&sort=relevance"
1512265665677	Marionette	DEBUG	Received DOM event "DOMContentLoaded" for "https://www.semanticscholar.org/search?q=%22Kristin%20D.%20Neff%22&sort=relevance"
1512265666017	Marionette	DEBUG	Received DOM event "pageshow" for "https://www.semanticscholar.org/search?q=%22Kristin%20D.%20Neff%22&sort=relevance"
1512265666240	Marionette	DEBUG	Received DOM event "beforeunload" for "https://www.semanticscholar.org/search?q=%22Kristin%20D.%20Neff%22&sort=relevance"
1512265666411	Marionette	DEBUG	Received DOM event "pagehide" for "https://www.semanticscholar.org/search?q=%22Kristin%20D.%20Neff%22&sort=relevance"
1512265666411	Marionette	DEBUG	Received DOM event "unload" for "https://www.semanticscholar.org/search?q=%22Kristin%20D.%20Neff%22&sort=relevance"
1512265666481	Marionette	DEBUG	Received DOM event "DOMContentLoaded" for "https://www.semanticscholar.org/search?q=%22Martin%20E.%20P.%20Seligman%22&sort=relevance"
1512265666858	Marionette	DEBUG	Received DOM event "pageshow" for "https://www.semanticscholar.org/search?q=%22Martin%20E.%20P.%20Seligman%22&sort=relevance"
1512265667179	Marionette	DEBUG	Received DOM event "beforeunload" for "https://www.semanticscholar.org/search?q=%22Martin%20E.%20P.%20Seligman%22&sort=relevance"
1512265667281	Marionette	DEBUG	Received DOM event "pagehide" for "https://www.semanticscholar.org/search?q=%22Martin%20E.%20P.%20Seligman%22&sort=relevance"
1512265667281	Marionette	DEBUG	Received DOM event "unload" for "https://www.semanticscholar.org/search?q=%22Martin%20E.%20P.%20Seligman%22&sort=relevance"
1512265667347	Marionette	DEBUG	Received DOM event "DOMContentLoaded" for "https://www.semanticscholar.org/search?q=%22Mih%C3%A1ly%20Cs%C3%ADkszentmih%C3%A1lyi%22&sort=relevance"
1512265668827	Marionette	DEBUG	Received DOM event "pageshow" for "https://www.semanticscholar.org/search?q=%22Mih%C3%A1ly%20Cs%C3%ADkszentmih%C3%A1lyi%22&sort=relevance"
1512265668968	Marionette	DEBUG	Received DOM event "beforeunload" for "https://www.semanticscholar.org/search?q=%22Mih%C3%A1ly%20Cs%C3%ADkszentmih%C3%A1lyi%22&sort=relevance"
1512265669104	Marionette	DEBUG	Received DOM event "pagehide" for "https://www.semanticscholar.org/search?q=%22Mih%C3%A1ly%20Cs%C3%ADkszentmih%C3%A1lyi%22&sort=relevance"
1512265669105	Marionette	DEBUG	Received DOM event "unload" for "https://www.semanticscholar.org/search?q=%22Mih%C3%A1ly%20Cs%C3%ADkszentmih%C3%A1lyi%22&sort=relevance"
1512265669174	Marionette	DEBUG	Received DOM event "DOMContentLoaded" for "https://www.semanticscholar.org/search?q=%22Richard%20J.%20Davidson%22&sort=relevance"
1512265669527	Marionette	DEBUG	Received DOM event "pageshow" for "https://www.semanticscholar.org/search?q=%22Richard%20J.%20Davidson%22&sort=relevance"
1512265669571	Marionette	DEBUG	Received DOM event "beforeunload" for "https://www.semanticscholar.org/search?q=%22Richard%20J.%20Davidson%22&sort=relevance"
1512265669668	Marionette	DEBUG	Received DOM event "pagehide" for "https://www.semanticscholar.org/search?q=%22Richard%20J.%20Davidson%22&sort=relevance"
1512265669668	Marionette	DEBUG	Received DOM event "unload" for "https://www.semanticscholar.org/search?q=%22Richard%20J.%20Davidson%22&sort=relevance"
1512265669729	Marionette	DEBUG	Received DOM event "DOMContentLoaded" for "https://www.semanticscholar.org/search?q=%22Robert%20A.%20Emmons%22&sort=relevance"
1512265670476	Marionette	DEBUG	Received DOM event "pageshow" for "https://www.semanticscholar.org/search?q=%22Robert%20A.%20Emmons%22&sort=relevance"
1512265670579	Marionette	DEBUG	Received DOM event "beforeunload" for "https://www.semanticscholar.org/search?q=%22Robert%20A.%20Emmons%22&sort=relevance"
1512265670681	Marionette	DEBUG	Received DOM event "pagehide" for "https://www.semanticscholar.org/search?q=%22Robert%20A.%20Emmons%22&sort=relevance"
1512265670682	Marionette	DEBUG	Received DOM event "unload" for "https://www.semanticscholar.org/search?q=%22Robert%20A.%20Emmons%22&sort=relevance"
1512265670739	Marionette	DEBUG	Received DOM event "DOMContentLoaded" for "https://www.semanticscholar.org/search?q=%22Sonja%20Lyubomirsky%22&sort=relevance"
1512265671474	Marionette	DEBUG	Received DOM event "pageshow" for "https://www.semanticscholar.org/search?q=%22Sonja%20Lyubomirsky%22&sort=relevance"
1512265671563	Marionette	DEBUG	Received DOM event "beforeunload" for "https://www.semanticscholar.org/search?q=%22Sonja%20Lyubomirsky%22&sort=relevance"
1512265671698	Marionette	DEBUG	Received DOM event "pagehide" for "https://www.semanticscholar.org/search?q=%22Sonja%20Lyubomirsky%22&sort=relevance"
1512265671698	Marionette	DEBUG	Received DOM event "unload" for "https://www.semanticscholar.org/search?q=%22Sonja%20Lyubomirsky%22&sort=relevance"
1512265671751	Marionette	DEBUG	Received DOM event "DOMContentLoaded" for "https://www.semanticscholar.org/search?q=%22Zindel%20V.%20Segal%22&sort=relevance"
1512265672410	Marionette	DEBUG	Received DOM event "pageshow" for "https://www.semanticscholar.org/search?q=%22Zindel%20V.%20Segal%22&sort=relevance"
1512265834678	geckodriver	INFO	geckodriver 0.19.1
1512265834681	geckodriver	INFO	Listening on 127.0.0.1:58721
1512265835768	mozrunner::runner	INFO	Running command: "/Applications/Firefox.app/Contents/MacOS/firefox-bin" "-marionette" "-profile" "/var/folders/1b/h52cyrl51tqg8dryz6pnq_zh0000gn/T/rust_mozprofile.7Dubh54fkWTk"
1512265836307	Marionette	INFO	Enabled via --marionette
2017-12-02 17:50:37.181 plugin-container[58096:11521859] *** CFMessagePort: bootstrap_register(): failed 1100 (0x44c) 'Permission denied', port = 0xa137, name = 'com.apple.tsm.portname'
See /usr/include/servers/bootstrap_defs.h for the error codes.
1512265837654	Marionette	INFO	Listening on port 58735
1512265837741	Marionette	WARN	TLS certificate errors will be ignored for this session
1512265837801	Marionette	DEBUG	Register listener.js for window 2147483649
1512265837816	Marionette	DEBUG	Received DOM event "beforeunload" for "about:blank"
1512265838095	Marionette	DEBUG	Received DOM event "pagehide" for "about:blank"
1512265838096	Marionette	DEBUG	Received DOM event "unload" for "about:blank"
1512265838555	Marionette	DEBUG	Received DOM event "DOMContentLoaded" for "https://www.semanticscholar.org/search?q=%22Angela%20Lee%20Duckworth%22&sort=relevance"
1512265840115	Marionette	DEBUG	Received DOM event "pageshow" for "https://www.semanticscholar.org/search?q=%22Angela%20Lee%20Duckworth%22&sort=relevance"
1512265840264	Marionette	DEBUG	Received DOM event "beforeunload" for "https://www.semanticscholar.org/search?q=%22Angela%20Lee%20Duckworth%22&sort=relevance"
1512265840359	Marionette	DEBUG	Received DOM event "pagehide" for "https://www.semanticscholar.org/search?q=%22Angela%20Lee%20Duckworth%22&sort=relevance"
1512265840359	Marionette	DEBUG	Received DOM event "unload" for "https://www.semanticscholar.org/search?q=%22Angela%20Lee%20Duckworth%22&sort=relevance"
1512265840435	Marionette	DEBUG	Received DOM event "DOMContentLoaded" for "https://www.semanticscholar.org/search?q=%22Barbara%20L.%20Fredrickson%22&sort=relevance"
1512265841316	Marionette	DEBUG	Received DOM event "pageshow" for "https://www.semanticscholar.org/search?q=%22Barbara%20L.%20Fredrickson%22&sort=relevance"
1512265841413	Marionette	DEBUG	Received DOM event "beforeunload" for "https://www.semanticscholar.org/search?q=%22Barbara%20L.%20Fredrickson%22&sort=relevance"
1512265841511	Marionette	DEBUG	Received DOM event "pagehide" for "https://www.semanticscholar.org/search?q=%22Barbara%20L.%20Fredrickson%22&sort=relevance"
1512265841512	Marionette	DEBUG	Received DOM event "unload" for "https://www.semanticscholar.org/search?q=%22Barbara%20L.%20Fredrickson%22&sort=relevance"
1512265841579	Marionette	DEBUG	Received DOM event "DOMContentLoaded" for "https://www.semanticscholar.org/search?q=%22Carol%20S.%20Dweck%22&sort=relevance"
1512265842455	Marionette	DEBUG	Received DOM event "pageshow" for "https://www.semanticscholar.org/search?q=%22Carol%20S.%20Dweck%22&sort=relevance"
1512265842562	Marionette	DEBUG	Received DOM event "beforeunload" for "https://www.semanticscholar.org/search?q=%22Carol%20S.%20Dweck%22&sort=relevance"
1512265842686	Marionette	DEBUG	Received DOM event "pagehide" for "https://www.semanticscholar.org/search?q=%22Carol%20S.%20Dweck%22&sort=relevance"
1512265842688	Marionette	DEBUG	Received DOM event "unload" for "https://www.semanticscholar.org/search?q=%22Carol%20S.%20Dweck%22&sort=relevance"
1512265842759	Marionette	DEBUG	Received DOM event "DOMContentLoaded" for "https://www.semanticscholar.org/search?q=%22Corey%20Lee%20M.%20Keyes%22&sort=relevance"
1512265843590	Marionette	DEBUG	Received DOM event "pageshow" for "https://www.semanticscholar.org/search?q=%22Corey%20Lee%20M.%20Keyes%22&sort=relevance"
1512265843688	Marionette	DEBUG	Received DOM event "beforeunload" for "https://www.semanticscholar.org/search?q=%22Corey%20Lee%20M.%20Keyes%22&sort=relevance"
1512265843819	Marionette	DEBUG	Received DOM event "pagehide" for "https://www.semanticscholar.org/search?q=%22Corey%20Lee%20M.%20Keyes%22&sort=relevance"
1512265843820	Marionette	DEBUG	Received DOM event "unload" for "https://www.semanticscholar.org/search?q=%22Corey%20Lee%20M.%20Keyes%22&sort=relevance"
1512265843880	Marionette	DEBUG	Received DOM event "DOMContentLoaded" for "https://www.semanticscholar.org/search?q=%22Dacher%20J%20Keltner%22&sort=relevance"
1512265844750	Marionette	DEBUG	Received DOM event "pageshow" for "https://www.semanticscholar.org/search?q=%22Dacher%20J%20Keltner%22&sort=relevance"
1512265844935	Marionette	DEBUG	Received DOM event "beforeunload" for "https://www.semanticscholar.org/search?q=%22Dacher%20J%20Keltner%22&sort=relevance"
1512265845044	Marionette	DEBUG	Received DOM event "pagehide" for "https://www.semanticscholar.org/search?q=%22Dacher%20J%20Keltner%22&sort=relevance"
1512265845044	Marionette	DEBUG	Received DOM event "unload" for "https://www.semanticscholar.org/search?q=%22Dacher%20J%20Keltner%22&sort=relevance"
1512265845151	Marionette	DEBUG	Received DOM event "DOMContentLoaded" for "https://www.semanticscholar.org/search?q=%22Daniel%20J%20Siegel%22&sort=relevance"
2017-12-02 18:46:02.693 firefox-bin[56619:11506548] IMKInputSession presentFunctionRowItemTextInputViewWithEndpoint:completionHandler: : [self textInputContext]=0x113105760 *NO* NSRemoteViewController to client, NSError=Error Domain=NSCocoaErrorDomain Code=4097 "connection from pid 0" UserInfo={NSDebugDescription=connection from pid 0}, com.apple.inputmethod.EmojiFunctionRowItem
2017-12-02 18:46:07.449 firefox-bin[58011:11520223] IMKInputSession presentFunctionRowItemTextInputViewWithEndpoint:completionHandler: : [self textInputContext]=0x10c683a00 *NO* NSRemoteViewController to client, NSError=Error Domain=NSCocoaErrorDomain Code=4097 "connection from pid 0" UserInfo={NSDebugDescription=connection from pid 0}, com.apple.inputmethod.EmojiFunctionRowItem
2017-12-02 18:46:20.796 firefox-bin[56619:11506548] IMKInputSession presentFunctionRowItemTextInputViewWithEndpoint:completionHandler: : [self textInputContext]=0x0 *NO* NSRemoteViewController to client, NSError=Error Domain=NSCocoaErrorDomain Code=4097 "connection from pid 0" UserInfo={NSDebugDescription=connection from pid 0}, com.apple.inputmethod.EmojiFunctionRowItem
2017-12-02 18:46:20.867 firefox-bin[56619:11506548] IMKInputSession presentFunctionRowItemTextInputViewWithEndpoint:completionHandler: : [self textInputContext]=0x113105760 *NO* NSRemoteViewController to client, NSError=Error Domain=NSCocoaErrorDomain Code=4097 "connection from pid 0" UserInfo={NSDebugDescription=connection from pid 0}, com.apple.inputmethod.EmojiFunctionRowItem

###!!! [Child][RunMessage] Error: Channel closing: too late to send/recv, messages will be lost


###!!! [Child][RunMessage] Error: Channel closing: too late to send/recv, messages will be lost


###!!! [Child][RunMessage] Error: Channel closing: too late to send/recv, messages will be lost


###!!! [Child][RunMessage] Error: Channel closing: too late to send/recv, messages will be lost


###!!! [Child][RunMessage] Error: Channel closing: too late to send/recv, messages will be lost


###!!! [Child][RunMessage] Error: Channel closing: too late to send/recv, messages will be lost


###!!! [Child][RunMessage] Error: Channel closing: too late to send/recv, messages will be lost

